Watching for file changes with StatReloader
Watching for file changes with StatReloader
"GET / HTTP/1.1" 200 13
"GET / HTTP/1.1" 200 13
Not Found: /favicon.ico
"GET /favicon.ico HTTP/1.1" 404 2711
/Users/svetlanaisrailova/main_one/frameworkDjango/myproject/myapp/views.py changed, reloading.
Watching for file changes with StatReloader
"GET / HTTP/1.1" 200 13
"GET / HTTP/1.1" 200 13
"GET /about HTTP/1.1" 301 0
"GET /about/ HTTP/1.1" 200 27
"GET /about/ HTTP/1.1" 200 27
Not Found: /prefix
"GET /prefix HTTP/1.1" 404 2696
Not Found: /prefix
"GET /prefix HTTP/1.1" 404 2696
"GET / HTTP/1.1" 200 13
"GET / HTTP/1.1" 200 13
/Users/svetlanaisrailova/main_one/frameworkDjango/myproject/myproject/urls.py changed, reloading.
Watching for file changes with StatReloader
Not Found: /
"GET / HTTP/1.1" 404 2309
Not Found: /
"GET / HTTP/1.1" 404 2309
Not Found: /
"GET / HTTP/1.1" 404 2309
Not Found: /
"GET / HTTP/1.1" 404 2309
"GET /prefix HTTP/1.1" 200 13
"GET /prefix HTTP/1.1" 200 13
Watching for file changes with StatReloader
Not Found: /
"GET / HTTP/1.1" 404 2309
Not Found: /
"GET / HTTP/1.1" 404 2309
Not Found: /
"GET / HTTP/1.1" 404 2309
Not Found: /
"GET / HTTP/1.1" 404 2309
"GET /prefix HTTP/1.1" 200 13
"GET /prefix HTTP/1.1" 200 13
Not Found: /about/
"GET /about/ HTTP/1.1" 404 2345
Not Found: /about/
"GET /about/ HTTP/1.1" 404 2345
/Users/svetlanaisrailova/main_one/frameworkDjango/myproject/myproject/settings.py changed, reloading.
Watching for file changes with StatReloader
Not Found: /
"GET / HTTP/1.1" 404 2304
Not Found: /
"GET / HTTP/1.1" 404 2304
Watching for file changes with StatReloader
"GET / HTTP/1.1" 200 13
"GET / HTTP/1.1" 200 13
"GET / HTTP/1.1" 200 13
"GET / HTTP/1.1" 200 13
Watching for file changes with StatReloader
"GET / HTTP/1.1" 200 13
"GET / HTTP/1.1" 200 13
Watching for file changes with StatReloader
"GET / HTTP/1.1" 200 13
"GET / HTTP/1.1" 200 13
Not Found: /prefix
"GET /prefix HTTP/1.1" 404 2696
Not Found: /prefix
"GET /prefix HTTP/1.1" 404 2696
Index page accessed
Index page accessed
Error in about page: division by zero
Traceback (most recent call last):
  File "/Users/svetlanaisrailova/main_one/frameworkDjango/myproject/myapp/views.py", line 16, in about
    result = 1 / 0
             ~~^~~
ZeroDivisionError: division by zero
Error in about page: division by zero
Traceback (most recent call last):
  File "/Users/svetlanaisrailova/main_one/frameworkDjango/myproject/myapp/views.py", line 16, in about
    result = 1 / 0
             ~~^~~
ZeroDivisionError: division by zero
Index page accessed
Index page accessed
Error in about page: division by zero
Traceback (most recent call last):
  File "/Users/svetlanaisrailova/main_one/frameworkDjango/myproject/myapp/views.py", line 16, in about
    result = 1 / 0
             ~~^~~
ZeroDivisionError: division by zero
Error in about page: division by zero
Traceback (most recent call last):
  File "/Users/svetlanaisrailova/main_one/frameworkDjango/myproject/myapp/views.py", line 16, in about
    result = 1 / 0
             ~~^~~
ZeroDivisionError: division by zero
INFO 2024-10-18 15:57:17,229 views 8005 123145538523136 Index page accessed
INFO 2024-10-18 15:57:18,784 views 8005 123145572102144 Index page accessed
ERROR 2024-10-18 15:57:51,771 views 8005 123145538523136 Error in about page: division by zero
Traceback (most recent call last):
  File "/Users/svetlanaisrailova/main_one/frameworkDjango/myproject/myapp/views.py", line 16, in about
    result = 1 / 0
             ~~^~~
ZeroDivisionError: division by zero
ERROR 2024-10-18 15:57:53,428 views 8005 123145572102144 Error in about page: division by zero
Traceback (most recent call last):
  File "/Users/svetlanaisrailova/main_one/frameworkDjango/myproject/myapp/views.py", line 16, in about
    result = 1 / 0
             ~~^~~
ZeroDivisionError: division by zero
INFO 2024-10-18 16:01:57,196 views 8054 123145463865344 Index page accessed
INFO 2024-10-18 16:01:58,929 views 8054 123145497444352 Index page accessed
ERROR 2024-10-18 16:02:03,821 views 8054 123145463865344 Error in about page: division by zero
Traceback (most recent call last):
  File "/Users/svetlanaisrailova/main_one/frameworkDjango/myproject/myapp/views.py", line 16, in about
    result = 1 / 0
             ~~^~~
ZeroDivisionError: division by zero
ERROR 2024-10-18 16:02:04,230 views 8054 123145497444352 Error in about page: division by zero
Traceback (most recent call last):
  File "/Users/svetlanaisrailova/main_one/frameworkDjango/myproject/myapp/views.py", line 16, in about
    result = 1 / 0
             ~~^~~
ZeroDivisionError: division by zero
INFO 2024-10-20 16:23:37,323 views 10375 123145466232832 Index page accessed
INFO 2024-10-20 16:23:39,635 views 10375 123145499811840 Index page accessed
INFO 2024-10-25 09:12:01,969 views 8669 123145603567616 Index page accessed
INFO 2024-10-25 09:12:04,187 views 8669 123145637146624 Index page accessed
INFO 2024-10-25 09:14:30,894 views 8689 123145524920320 Index page accessed
INFO 2024-10-25 09:14:33,138 views 8689 123145558499328 Index page accessed
INFO 2024-10-25 09:15:35,647 views 8702 123145440247808 Index page accessed
INFO 2024-10-25 09:15:37,346 views 8702 123145473826816 Index page accessed
INFO 2024-10-25 09:16:42,572 views 8702 123145440247808 Index page accessed
INFO 2024-10-25 09:16:44,612 views 8702 123145473826816 Index page accessed
INFO 2024-10-25 09:21:41,728 views 8810 123145464324096 Index page accessed
INFO 2024-10-25 09:21:43,243 views 8810 123145497903104 Index page accessed
INFO 2024-10-25 09:25:55,720 views 8892 123145446936576 Index page accessed
INFO 2024-10-25 09:25:58,418 views 8892 123145480515584 Index page accessed
INFO 2024-10-25 12:08:55,989 views 9373 123145414287360 Index page accessed
INFO 2024-10-25 12:08:58,174 views 9373 123145447866368 Index page accessed
INFO 2024-10-25 12:12:05,684 views 9409 123145589243904 Index page accessed
INFO 2024-10-25 12:12:07,139 views 9409 123145622822912 Index page accessed
INFO 2024-10-25 12:12:42,976 views 9443 123145496428544 Index page accessed
INFO 2024-10-25 12:12:44,364 views 9443 123145530007552 Index page accessed
INFO 2024-10-25 12:19:06,830 views 9499 123145359081472 Index page accessed
INFO 2024-10-25 12:19:08,285 views 9499 123145392660480 Index page accessed
INFO 2024-10-25 16:13:15,352 views 9922 123145483939840 Index page accessed
INFO 2024-10-25 16:13:17,114 views 9922 123145517518848 Index page accessed
INFO 2024-10-26 07:20:50,526 views 11646 123145545838592 Index page accessed
INFO 2024-10-26 07:20:52,276 views 11646 123145579417600 Index page accessed
INFO 2024-10-26 07:36:48,275 views 11795 123145482276864 Index page accessed
INFO 2024-10-26 07:36:49,808 views 11795 123145515855872 Index page accessed
INFO 2024-10-26 07:43:27,250 views 11921 123145460830208 Index page accessed
INFO 2024-10-26 07:43:28,819 views 11921 123145494409216 Index page accessed
INFO 2024-10-26 07:44:04,098 views 11921 123145460830208 Index page accessed
INFO 2024-10-26 07:44:05,617 views 11921 123145494409216 Index page accessed
